INFO    - Reading training data from workspace/miconic
INFO    - Total number of training examples: 388
INFO    - Total number of input features: 2458
INFO    - Creating the NN model
Model: "model_1"
_________________________________________________________________
Layer (type)                 Output Shape              Param #   
=================================================================
input_1 (InputLayer)         (None, 2458)              0         
_________________________________________________________________
dense_1 (Dense)              (None, 1)                 2459      
_________________________________________________________________
activation_1 (Activation)    (None, 1)                 0         
=================================================================
Total params: 2,459
Trainable params: 2,459
Non-trainable params: 0
_________________________________________________________________
None
INFO    - Compiling NN before training
INFO    - Training the NN....
INFO    - Finished NN training.
INFO    - Useful features: [125, 1438, 1538, 1567, 1651, 1657, 1660, 1700, 1859, 1861, 1868, 2002, 2204, 2257, 2259, 2260]
INFO    - Total number of training examples: 388
INFO    - Total number of input features: 16
INFO    - Creating the NN model
Model: "model_2"
_________________________________________________________________
Layer (type)                 Output Shape              Param #   
=================================================================
input_2 (InputLayer)         (None, 16)                0         
_________________________________________________________________
dense_2 (Dense)              (None, 1)                 17        
_________________________________________________________________
activation_2 (Activation)    (None, 1)                 0         
=================================================================
Total params: 17
Trainable params: 17
Non-trainable params: 0
_________________________________________________________________
None
INFO    - Compiling NN before training
INFO    - Training the NN....
INFO    - Finished NN training.
INFO    - Useful features: [0, 1, 2, 3, 4, 5, 6, 7, 8, 10, 11, 13, 14, 15]
INFO    - Total number of training examples: 388
INFO    - Total number of input features: 14
INFO    - Creating the NN model
Model: "model_3"
_________________________________________________________________
Layer (type)                 Output Shape              Param #   
=================================================================
input_3 (InputLayer)         (None, 14)                0         
_________________________________________________________________
dense_3 (Dense)              (None, 1)                 15        
_________________________________________________________________
activation_3 (Activation)    (None, 1)                 0         
=================================================================
Total params: 15
Trainable params: 15
Non-trainable params: 0
_________________________________________________________________
None
INFO    - Compiling NN before training
INFO    - Training the NN....
INFO    - Finished NN training.
INFO    - Useful features: [1, 2, 3, 4, 5, 6, 7, 8, 9, 10, 11, 12, 13]
INFO    - Total number of training examples: 388
INFO    - Total number of input features: 13
INFO    - Creating the NN model
Model: "model_4"
_________________________________________________________________
Layer (type)                 Output Shape              Param #   
=================================================================
input_4 (InputLayer)         (None, 13)                0         
_________________________________________________________________
dense_4 (Dense)              (None, 1)                 14        
_________________________________________________________________
activation_4 (Activation)    (None, 1)                 0         
=================================================================
Total params: 14
Trainable params: 14
Non-trainable params: 0
_________________________________________________________________
None
INFO    - Compiling NN before training
INFO    - Training the NN....
INFO    - Finished NN training.
INFO    - Useful features: [1, 3, 4, 5, 6, 7, 8, 9, 10, 12]
INFO    - Total number of training examples: 388
INFO    - Total number of input features: 10
INFO    - Creating the NN model
Model: "model_5"
_________________________________________________________________
Layer (type)                 Output Shape              Param #   
=================================================================
input_5 (InputLayer)         (None, 10)                0         
_________________________________________________________________
dense_5 (Dense)              (None, 1)                 11        
_________________________________________________________________
activation_5 (Activation)    (None, 1)                 0         
=================================================================
Total params: 11
Trainable params: 11
Non-trainable params: 0
_________________________________________________________________
None
INFO    - Compiling NN before training
INFO    - Training the NN....
INFO    - Finished NN training.
INFO    - Useful features: [0, 1, 2, 3, 4, 5, 7, 8, 9]
Weighted features found:
0.6702727675437927 * Bool[And(Not(Exists(Inverse(destin),And(Not(served),boarded))),lift-at)]
0.2186458706855774 * Num[And(Not(And(Not(boarded),Forall(origin,lift-at))),Not(served))]
0.7711418867111206 * Num[Not(And(Forall(Inverse(origin),boarded),Forall(Inverse(destin),served)))]
0.4523768424987793 * Num[And(Not(And(Forall(Inverse(origin),served),floor)),Not(served))]
0.22472520172595978 * Bool[And(Exists(Inverse(destin),And(Not(boarded),Not(served))),lift-at)]
-0.7346640825271606 * Num[And(And(Not(boarded),served),Exists(destin,Exists(Inverse(origin),<universe>)))]
0.5170392394065857 * Num[And(Not(Forall(origin,lift-at)),And(Not(boarded),Not(served)))]
0.2872171401977539 * Num[Exists(destin,Forall(Inverse(destin),And(Not(boarded),Not(served))))]
0.35373780131340027 * Num[Exists(destin,Exists(Inverse(destin),And(Not(boarded),Not(served))))]
ANTLR runtime and generated code versions disagree: 4.8!=4.7.1
ANTLR runtime and generated code versions disagree: 4.8!=4.7.1
INFO    - Solving pyperplan-benchmarks/miconic/task01.pddl
ANTLR runtime and generated code versions disagree: 4.8!=4.7.1
ANTLR runtime and generated code versions disagree: 4.8!=4.7.1
ANTLR runtime and generated code versions disagree: 4.8!=4.7.1
ANTLR runtime and generated code versions disagree: 4.8!=4.7.1
ANTLR runtime and generated code versions disagree: 4.8!=4.7.1
ANTLR runtime and generated code versions disagree: 4.8!=4.7.1
INFO    - Using goal representation and no domain parameters
INFO    - using search: greedy_best_first_search
INFO    - using heuristic: pyperplan_concept_based_heuristic
INFO    - Parsing Domain /home/blaas/work/projects/basilisk/pyperplan-benchmarks/miconic/domain.pddl
INFO    - Parsing Problem /home/blaas/work/projects/basilisk/pyperplan-benchmarks/miconic/task01.pddl
INFO    - 8 Predicates parsed
INFO    - 4 Actions parsed
INFO    - 3 Objects parsed
INFO    - 0 Constants parsed
INFO    - Grounding start: mixed-f2-p1-u0-v0-g0-a0-n0-a0-b0-n0-f0-r0
INFO    - Relevance analysis removed 0 facts
INFO    - Grounding end: mixed-f2-p1-u0-v0-g0-a0-n0-a0-b0-n0-f0-r0
INFO    - 4 Variables created
INFO    - 4 Operators created
INFO    - Search start: mixed-f2-p1-u0-v0-g0-a0-n0-a0-b0-n0-f0-r0
INFO    - Initial h value: 4.718675
INFO    - Expanded 0 states.
INFO    - Goal reached. Start extraction of solution.
INFO    - 5 Nodes expanded
INFO    - Search end: mixed-f2-p1-u0-v0-g0-a0-n0-a0-b0-n0-f0-r0
INFO    - Wall-clock search time: 0.0025
INFO    - Plan length: 4
INFO    - Plan correct
INFO    - Solving pyperplan-benchmarks/miconic/task02.pddl
ANTLR runtime and generated code versions disagree: 4.8!=4.7.1
ANTLR runtime and generated code versions disagree: 4.8!=4.7.1
ANTLR runtime and generated code versions disagree: 4.8!=4.7.1
ANTLR runtime and generated code versions disagree: 4.8!=4.7.1
ANTLR runtime and generated code versions disagree: 4.8!=4.7.1
ANTLR runtime and generated code versions disagree: 4.8!=4.7.1
INFO    - Using goal representation and no domain parameters
INFO    - using search: greedy_best_first_search
INFO    - using heuristic: pyperplan_concept_based_heuristic
INFO    - Parsing Domain /home/blaas/work/projects/basilisk/pyperplan-benchmarks/miconic/domain.pddl
INFO    - Parsing Problem /home/blaas/work/projects/basilisk/pyperplan-benchmarks/miconic/task02.pddl
INFO    - 8 Predicates parsed
INFO    - 4 Actions parsed
INFO    - 6 Objects parsed
INFO    - 0 Constants parsed
INFO    - Grounding start: mixed-f4-p2-u0-v0-g0-a0-n0-a0-b0-n0-f0-r0
INFO    - Relevance analysis removed 0 facts
INFO    - Grounding end: mixed-f4-p2-u0-v0-g0-a0-n0-a0-b0-n0-f0-r0
INFO    - 8 Variables created
INFO    - 16 Operators created
INFO    - Search start: mixed-f4-p2-u0-v0-g0-a0-n0-a0-b0-n0-f0-r0
INFO    - Initial h value: 7.546486
INFO    - Expanded 0 states.
INFO    - Goal reached. Start extraction of solution.
INFO    - 8 Nodes expanded
INFO    - Search end: mixed-f4-p2-u0-v0-g0-a0-n0-a0-b0-n0-f0-r0
INFO    - Wall-clock search time: 0.01
INFO    - Plan length: 7
INFO    - Plan correct
INFO    - Solving pyperplan-benchmarks/miconic/task03.pddl
ANTLR runtime and generated code versions disagree: 4.8!=4.7.1
ANTLR runtime and generated code versions disagree: 4.8!=4.7.1
ANTLR runtime and generated code versions disagree: 4.8!=4.7.1
ANTLR runtime and generated code versions disagree: 4.8!=4.7.1
ANTLR runtime and generated code versions disagree: 4.8!=4.7.1
ANTLR runtime and generated code versions disagree: 4.8!=4.7.1
INFO    - Using goal representation and no domain parameters
INFO    - using search: greedy_best_first_search
INFO    - using heuristic: pyperplan_concept_based_heuristic
INFO    - Parsing Domain /home/blaas/work/projects/basilisk/pyperplan-benchmarks/miconic/domain.pddl
INFO    - Parsing Problem /home/blaas/work/projects/basilisk/pyperplan-benchmarks/miconic/task03.pddl
INFO    - 8 Predicates parsed
INFO    - 4 Actions parsed
INFO    - 9 Objects parsed
INFO    - 0 Constants parsed
INFO    - Grounding start: mixed-f6-p3-u0-v0-g0-a0-n0-a0-b0-n0-f0-r0
INFO    - Relevance analysis removed 0 facts
INFO    - Grounding end: mixed-f6-p3-u0-v0-g0-a0-n0-a0-b0-n0-f0-r0
INFO    - 12 Variables created
INFO    - 36 Operators created
INFO    - Search start: mixed-f6-p3-u0-v0-g0-a0-n0-a0-b0-n0-f0-r0
INFO    - Initial h value: 10.599022
INFO    - Expanded 0 states.
INFO    - Goal reached. Start extraction of solution.
INFO    - 12 Nodes expanded
INFO    - Search end: mixed-f6-p3-u0-v0-g0-a0-n0-a0-b0-n0-f0-r0
INFO    - Wall-clock search time: 0.027
INFO    - Plan length: 11
INFO    - Plan correct
INFO    - Solving pyperplan-benchmarks/miconic/task04.pddl
ANTLR runtime and generated code versions disagree: 4.8!=4.7.1
ANTLR runtime and generated code versions disagree: 4.8!=4.7.1
ANTLR runtime and generated code versions disagree: 4.8!=4.7.1
ANTLR runtime and generated code versions disagree: 4.8!=4.7.1
ANTLR runtime and generated code versions disagree: 4.8!=4.7.1
ANTLR runtime and generated code versions disagree: 4.8!=4.7.1
INFO    - Using goal representation and no domain parameters
INFO    - using search: greedy_best_first_search
INFO    - using heuristic: pyperplan_concept_based_heuristic
INFO    - Parsing Domain /home/blaas/work/projects/basilisk/pyperplan-benchmarks/miconic/domain.pddl
INFO    - Parsing Problem /home/blaas/work/projects/basilisk/pyperplan-benchmarks/miconic/task04.pddl
INFO    - 8 Predicates parsed
INFO    - 4 Actions parsed
INFO    - 12 Objects parsed
INFO    - 0 Constants parsed
INFO    - Grounding start: mixed-f8-p4-u0-v0-g0-a0-n0-a0-b0-n0-f0-r0
INFO    - Relevance analysis removed 0 facts
INFO    - Grounding end: mixed-f8-p4-u0-v0-g0-a0-n0-a0-b0-n0-f0-r0
INFO    - 16 Variables created
INFO    - 64 Operators created
INFO    - Search start: mixed-f8-p4-u0-v0-g0-a0-n0-a0-b0-n0-f0-r0
INFO    - Initial h value: 13.970322
INFO    - Expanded 0 states.
INFO    - Goal reached. Start extraction of solution.
INFO    - 15 Nodes expanded
INFO    - Search end: mixed-f8-p4-u0-v0-g0-a0-n0-a0-b0-n0-f0-r0
INFO    - Wall-clock search time: 0.054
INFO    - Plan length: 14
INFO    - Plan correct
INFO    - Solving pyperplan-benchmarks/miconic/task05.pddl
ANTLR runtime and generated code versions disagree: 4.8!=4.7.1
ANTLR runtime and generated code versions disagree: 4.8!=4.7.1
ANTLR runtime and generated code versions disagree: 4.8!=4.7.1
ANTLR runtime and generated code versions disagree: 4.8!=4.7.1
ANTLR runtime and generated code versions disagree: 4.8!=4.7.1
ANTLR runtime and generated code versions disagree: 4.8!=4.7.1
INFO    - Using goal representation and no domain parameters
INFO    - using search: greedy_best_first_search
INFO    - using heuristic: pyperplan_concept_based_heuristic
INFO    - Parsing Domain /home/blaas/work/projects/basilisk/pyperplan-benchmarks/miconic/domain.pddl
INFO    - Parsing Problem /home/blaas/work/projects/basilisk/pyperplan-benchmarks/miconic/task05.pddl
INFO    - 8 Predicates parsed
INFO    - 4 Actions parsed
INFO    - 15 Objects parsed
INFO    - 0 Constants parsed
INFO    - Grounding start: mixed-f10-p5-u0-v0-g0-a0-n0-a0-b0-n0-f0-r0
INFO    - Relevance analysis removed 0 facts
INFO    - Grounding end: mixed-f10-p5-u0-v0-g0-a0-n0-a0-b0-n0-f0-r0
INFO    - 20 Variables created
INFO    - 100 Operators created
INFO    - Search start: mixed-f10-p5-u0-v0-g0-a0-n0-a0-b0-n0-f0-r0
INFO    - Initial h value: 17.022858
INFO    - Expanded 0 states.
INFO    - Goal reached. Start extraction of solution.
INFO    - 18 Nodes expanded
INFO    - Search end: mixed-f10-p5-u0-v0-g0-a0-n0-a0-b0-n0-f0-r0
INFO    - Wall-clock search time: 0.094
INFO    - Plan length: 17
INFO    - Plan correct
INFO    - Solving pyperplan-benchmarks/miconic/task06.pddl
ANTLR runtime and generated code versions disagree: 4.8!=4.7.1
ANTLR runtime and generated code versions disagree: 4.8!=4.7.1
ANTLR runtime and generated code versions disagree: 4.8!=4.7.1
ANTLR runtime and generated code versions disagree: 4.8!=4.7.1
ANTLR runtime and generated code versions disagree: 4.8!=4.7.1
ANTLR runtime and generated code versions disagree: 4.8!=4.7.1
INFO    - Using goal representation and no domain parameters
INFO    - using search: greedy_best_first_search
INFO    - using heuristic: pyperplan_concept_based_heuristic
INFO    - Parsing Domain /home/blaas/work/projects/basilisk/pyperplan-benchmarks/miconic/domain.pddl
INFO    - Parsing Problem /home/blaas/work/projects/basilisk/pyperplan-benchmarks/miconic/task06.pddl
INFO    - 8 Predicates parsed
INFO    - 4 Actions parsed
INFO    - 18 Objects parsed
INFO    - 0 Constants parsed
INFO    - Grounding start: mixed-f12-p6-u0-v0-g0-a0-n0-a0-b0-n0-f0-r0
INFO    - Relevance analysis removed 0 facts
INFO    - Grounding end: mixed-f12-p6-u0-v0-g0-a0-n0-a0-b0-n0-f0-r0
INFO    - 24 Variables created
INFO    - 144 Operators created
INFO    - Search start: mixed-f12-p6-u0-v0-g0-a0-n0-a0-b0-n0-f0-r0
INFO    - Initial h value: 19.528977
INFO    - Expanded 0 states.
INFO    - Goal reached. Start extraction of solution.
INFO    - 23 Nodes expanded
INFO    - Search end: mixed-f12-p6-u0-v0-g0-a0-n0-a0-b0-n0-f0-r0
INFO    - Wall-clock search time: 0.18
INFO    - Plan length: 21
INFO    - Plan correct
INFO    - Solving pyperplan-benchmarks/miconic/task07.pddl
ANTLR runtime and generated code versions disagree: 4.8!=4.7.1
ANTLR runtime and generated code versions disagree: 4.8!=4.7.1
ANTLR runtime and generated code versions disagree: 4.8!=4.7.1
ANTLR runtime and generated code versions disagree: 4.8!=4.7.1
ANTLR runtime and generated code versions disagree: 4.8!=4.7.1
ANTLR runtime and generated code versions disagree: 4.8!=4.7.1
INFO    - Using goal representation and no domain parameters
INFO    - using search: greedy_best_first_search
INFO    - using heuristic: pyperplan_concept_based_heuristic
INFO    - Parsing Domain /home/blaas/work/projects/basilisk/pyperplan-benchmarks/miconic/domain.pddl
INFO    - Parsing Problem /home/blaas/work/projects/basilisk/pyperplan-benchmarks/miconic/task07.pddl
INFO    - 8 Predicates parsed
INFO    - 4 Actions parsed
INFO    - 21 Objects parsed
INFO    - 0 Constants parsed
INFO    - Grounding start: mixed-f14-p7-u0-v0-g0-a0-n0-a0-b0-n0-f0-r0
INFO    - Relevance analysis removed 0 facts
INFO    - Grounding end: mixed-f14-p7-u0-v0-g0-a0-n0-a0-b0-n0-f0-r0
INFO    - 28 Variables created
INFO    - 196 Operators created
INFO    - Search start: mixed-f14-p7-u0-v0-g0-a0-n0-a0-b0-n0-f0-r0
INFO    - Initial h value: 22.675552
INFO    - Expanded 0 states.
INFO    - Goal reached. Start extraction of solution.
INFO    - 24 Nodes expanded
INFO    - Search end: mixed-f14-p7-u0-v0-g0-a0-n0-a0-b0-n0-f0-r0
INFO    - Wall-clock search time: 0.26
INFO    - Plan length: 23
INFO    - Plan correct
INFO    - Solving pyperplan-benchmarks/miconic/task08.pddl
ANTLR runtime and generated code versions disagree: 4.8!=4.7.1
ANTLR runtime and generated code versions disagree: 4.8!=4.7.1
ANTLR runtime and generated code versions disagree: 4.8!=4.7.1
ANTLR runtime and generated code versions disagree: 4.8!=4.7.1
ANTLR runtime and generated code versions disagree: 4.8!=4.7.1
ANTLR runtime and generated code versions disagree: 4.8!=4.7.1
INFO    - Using goal representation and no domain parameters
INFO    - using search: greedy_best_first_search
INFO    - using heuristic: pyperplan_concept_based_heuristic
INFO    - Parsing Domain /home/blaas/work/projects/basilisk/pyperplan-benchmarks/miconic/domain.pddl
INFO    - Parsing Problem /home/blaas/work/projects/basilisk/pyperplan-benchmarks/miconic/task08.pddl
INFO    - 8 Predicates parsed
INFO    - 4 Actions parsed
INFO    - 24 Objects parsed
INFO    - 0 Constants parsed
INFO    - Grounding start: mixed-f16-p8-u0-v0-g0-a0-n0-a0-b0-n0-f0-r0
INFO    - Relevance analysis removed 0 facts
INFO    - Grounding end: mixed-f16-p8-u0-v0-g0-a0-n0-a0-b0-n0-f0-r0
INFO    - 32 Variables created
INFO    - 256 Operators created
INFO    - Search start: mixed-f16-p8-u0-v0-g0-a0-n0-a0-b0-n0-f0-r0
INFO    - Initial h value: 26.499230
INFO    - Expanded 0 states.
INFO    - Goal reached. Start extraction of solution.
INFO    - 28 Nodes expanded
INFO    - Search end: mixed-f16-p8-u0-v0-g0-a0-n0-a0-b0-n0-f0-r0
INFO    - Wall-clock search time: 0.4
INFO    - Plan length: 27
INFO    - Plan correct
INFO    - Solving pyperplan-benchmarks/miconic/task09.pddl
ANTLR runtime and generated code versions disagree: 4.8!=4.7.1
ANTLR runtime and generated code versions disagree: 4.8!=4.7.1
ANTLR runtime and generated code versions disagree: 4.8!=4.7.1
ANTLR runtime and generated code versions disagree: 4.8!=4.7.1
ANTLR runtime and generated code versions disagree: 4.8!=4.7.1
ANTLR runtime and generated code versions disagree: 4.8!=4.7.1
INFO    - Using goal representation and no domain parameters
INFO    - using search: greedy_best_first_search
INFO    - using heuristic: pyperplan_concept_based_heuristic
INFO    - Parsing Domain /home/blaas/work/projects/basilisk/pyperplan-benchmarks/miconic/domain.pddl
INFO    - Parsing Problem /home/blaas/work/projects/basilisk/pyperplan-benchmarks/miconic/task09.pddl
INFO    - 8 Predicates parsed
INFO    - 4 Actions parsed
INFO    - 27 Objects parsed
INFO    - 0 Constants parsed
INFO    - Grounding start: mixed-f18-p9-u0-v0-g0-a0-n0-a0-b0-n0-f0-r0
INFO    - Relevance analysis removed 0 facts
INFO    - Grounding end: mixed-f18-p9-u0-v0-g0-a0-n0-a0-b0-n0-f0-r0
INFO    - 36 Variables created
INFO    - 324 Operators created
INFO    - Search start: mixed-f18-p9-u0-v0-g0-a0-n0-a0-b0-n0-f0-r0
INFO    - Initial h value: 30.547632
INFO    - Expanded 0 states.
INFO    - Goal reached. Start extraction of solution.
INFO    - 34 Nodes expanded
INFO    - Search end: mixed-f18-p9-u0-v0-g0-a0-n0-a0-b0-n0-f0-r0
INFO    - Wall-clock search time: 0.63
INFO    - Plan length: 32
INFO    - Plan correct
INFO    - Solving pyperplan-benchmarks/miconic/task10.pddl
ANTLR runtime and generated code versions disagree: 4.8!=4.7.1
ANTLR runtime and generated code versions disagree: 4.8!=4.7.1
ANTLR runtime and generated code versions disagree: 4.8!=4.7.1
ANTLR runtime and generated code versions disagree: 4.8!=4.7.1
ANTLR runtime and generated code versions disagree: 4.8!=4.7.1
ANTLR runtime and generated code versions disagree: 4.8!=4.7.1
INFO    - Using goal representation and no domain parameters
INFO    - using search: greedy_best_first_search
INFO    - using heuristic: pyperplan_concept_based_heuristic
INFO    - Parsing Domain /home/blaas/work/projects/basilisk/pyperplan-benchmarks/miconic/domain.pddl
INFO    - Parsing Problem /home/blaas/work/projects/basilisk/pyperplan-benchmarks/miconic/task10.pddl
INFO    - 8 Predicates parsed
INFO    - 4 Actions parsed
INFO    - 30 Objects parsed
INFO    - 0 Constants parsed
INFO    - Grounding start: mixed-f20-p10-u0-v0-g0-a0-n0-a0-b0-n0-f0-r0
INFO    - Relevance analysis removed 0 facts
INFO    - Grounding end: mixed-f20-p10-u0-v0-g0-a0-n0-a0-b0-n0-f0-r0
INFO    - 40 Variables created
INFO    - 400 Operators created
INFO    - Search start: mixed-f20-p10-u0-v0-g0-a0-n0-a0-b0-n0-f0-r0
INFO    - Initial h value: 33.092135
INFO    - Expanded 0 states.
INFO    - Goal reached. Start extraction of solution.
INFO    - 34 Nodes expanded
INFO    - Search end: mixed-f20-p10-u0-v0-g0-a0-n0-a0-b0-n0-f0-r0
INFO    - Wall-clock search time: 0.82
INFO    - Plan length: 33
INFO    - Plan correct
INFO    - Solving pyperplan-benchmarks/miconic/task11.pddl
ANTLR runtime and generated code versions disagree: 4.8!=4.7.1
ANTLR runtime and generated code versions disagree: 4.8!=4.7.1
ANTLR runtime and generated code versions disagree: 4.8!=4.7.1
ANTLR runtime and generated code versions disagree: 4.8!=4.7.1
ANTLR runtime and generated code versions disagree: 4.8!=4.7.1
ANTLR runtime and generated code versions disagree: 4.8!=4.7.1
INFO    - Using goal representation and no domain parameters
INFO    - using search: greedy_best_first_search
INFO    - using heuristic: pyperplan_concept_based_heuristic
INFO    - Parsing Domain /home/blaas/work/projects/basilisk/pyperplan-benchmarks/miconic/domain.pddl
INFO    - Parsing Problem /home/blaas/work/projects/basilisk/pyperplan-benchmarks/miconic/task11.pddl
INFO    - 8 Predicates parsed
INFO    - 4 Actions parsed
INFO    - 33 Objects parsed
INFO    - 0 Constants parsed
INFO    - Grounding start: mixed-f22-p11-u0-v0-g0-a0-n0-a0-b0-n0-f0-r0
INFO    - Relevance analysis removed 0 facts
INFO    - Grounding end: mixed-f22-p11-u0-v0-g0-a0-n0-a0-b0-n0-f0-r0
INFO    - 44 Variables created
INFO    - 484 Operators created
INFO    - Search start: mixed-f22-p11-u0-v0-g0-a0-n0-a0-b0-n0-f0-r0
INFO    - Initial h value: 36.369395
INFO    - Expanded 0 states.
INFO    - Goal reached. Start extraction of solution.
INFO    - 38 Nodes expanded
INFO    - Search end: mixed-f22-p11-u0-v0-g0-a0-n0-a0-b0-n0-f0-r0
INFO    - Wall-clock search time: 1.1
INFO    - Plan length: 37
INFO    - Plan correct
INFO    - Solving pyperplan-benchmarks/miconic/task12.pddl
ANTLR runtime and generated code versions disagree: 4.8!=4.7.1
ANTLR runtime and generated code versions disagree: 4.8!=4.7.1
ANTLR runtime and generated code versions disagree: 4.8!=4.7.1
ANTLR runtime and generated code versions disagree: 4.8!=4.7.1
ANTLR runtime and generated code versions disagree: 4.8!=4.7.1
ANTLR runtime and generated code versions disagree: 4.8!=4.7.1
INFO    - Using goal representation and no domain parameters
INFO    - using search: greedy_best_first_search
INFO    - using heuristic: pyperplan_concept_based_heuristic
INFO    - Parsing Domain /home/blaas/work/projects/basilisk/pyperplan-benchmarks/miconic/domain.pddl
INFO    - Parsing Problem /home/blaas/work/projects/basilisk/pyperplan-benchmarks/miconic/task12.pddl
INFO    - 8 Predicates parsed
INFO    - 4 Actions parsed
INFO    - 36 Objects parsed
INFO    - 0 Constants parsed
INFO    - Grounding start: mixed-f24-p12-u0-v0-g0-a0-n0-a0-b0-n0-f0-r0
INFO    - Relevance analysis removed 0 facts
INFO    - Grounding end: mixed-f24-p12-u0-v0-g0-a0-n0-a0-b0-n0-f0-r0
INFO    - 48 Variables created
INFO    - 576 Operators created
INFO    - Search start: mixed-f24-p12-u0-v0-g0-a0-n0-a0-b0-n0-f0-r0
INFO    - Initial h value: 39.028137
INFO    - Expanded 0 states.
INFO    - Goal reached. Start extraction of solution.
INFO    - 46 Nodes expanded
INFO    - Search end: mixed-f24-p12-u0-v0-g0-a0-n0-a0-b0-n0-f0-r0
INFO    - Wall-clock search time: 1.7
INFO    - Plan length: 41
INFO    - Plan correct
INFO    - Solving pyperplan-benchmarks/miconic/task13.pddl
ANTLR runtime and generated code versions disagree: 4.8!=4.7.1
ANTLR runtime and generated code versions disagree: 4.8!=4.7.1
ANTLR runtime and generated code versions disagree: 4.8!=4.7.1
ANTLR runtime and generated code versions disagree: 4.8!=4.7.1
ANTLR runtime and generated code versions disagree: 4.8!=4.7.1
ANTLR runtime and generated code versions disagree: 4.8!=4.7.1
INFO    - Using goal representation and no domain parameters
INFO    - using search: greedy_best_first_search
INFO    - using heuristic: pyperplan_concept_based_heuristic
INFO    - Parsing Domain /home/blaas/work/projects/basilisk/pyperplan-benchmarks/miconic/domain.pddl
INFO    - Parsing Problem /home/blaas/work/projects/basilisk/pyperplan-benchmarks/miconic/task13.pddl
INFO    - 8 Predicates parsed
INFO    - 4 Actions parsed
INFO    - 39 Objects parsed
INFO    - 0 Constants parsed
INFO    - Grounding start: mixed-f26-p13-u0-v0-g0-a0-n0-a0-b0-n0-f0-r0
INFO    - Relevance analysis removed 0 facts
INFO    - Grounding end: mixed-f26-p13-u0-v0-g0-a0-n0-a0-b0-n0-f0-r0
INFO    - 52 Variables created
INFO    - 676 Operators created
INFO    - Search start: mixed-f26-p13-u0-v0-g0-a0-n0-a0-b0-n0-f0-r0
INFO    - Initial h value: 43.076540
INFO    - Expanded 0 states.
INFO    - Goal reached. Start extraction of solution.
INFO    - 46 Nodes expanded
INFO    - Search end: mixed-f26-p13-u0-v0-g0-a0-n0-a0-b0-n0-f0-r0
INFO    - Wall-clock search time: 2.1
INFO    - Plan length: 45
INFO    - Plan correct
INFO    - Solving pyperplan-benchmarks/miconic/task14.pddl
ANTLR runtime and generated code versions disagree: 4.8!=4.7.1
ANTLR runtime and generated code versions disagree: 4.8!=4.7.1
ANTLR runtime and generated code versions disagree: 4.8!=4.7.1
ANTLR runtime and generated code versions disagree: 4.8!=4.7.1
ANTLR runtime and generated code versions disagree: 4.8!=4.7.1
ANTLR runtime and generated code versions disagree: 4.8!=4.7.1
INFO    - Using goal representation and no domain parameters
INFO    - using search: greedy_best_first_search
INFO    - using heuristic: pyperplan_concept_based_heuristic
INFO    - Parsing Domain /home/blaas/work/projects/basilisk/pyperplan-benchmarks/miconic/domain.pddl
INFO    - Parsing Problem /home/blaas/work/projects/basilisk/pyperplan-benchmarks/miconic/task14.pddl
INFO    - 8 Predicates parsed
INFO    - 4 Actions parsed
INFO    - 42 Objects parsed
INFO    - 0 Constants parsed
INFO    - Grounding start: mixed-f28-p14-u0-v0-g0-a0-n0-a0-b0-n0-f0-r0
INFO    - Relevance analysis removed 0 facts
INFO    - Grounding end: mixed-f28-p14-u0-v0-g0-a0-n0-a0-b0-n0-f0-r0
INFO    - 56 Variables created
INFO    - 784 Operators created
INFO    - Search start: mixed-f28-p14-u0-v0-g0-a0-n0-a0-b0-n0-f0-r0
INFO    - Initial h value: 44.397523
INFO    - Expanded 0 states.
INFO    - Goal reached. Start extraction of solution.
INFO    - 50 Nodes expanded
INFO    - Search end: mixed-f28-p14-u0-v0-g0-a0-n0-a0-b0-n0-f0-r0
INFO    - Wall-clock search time: 2.8
INFO    - Plan length: 47
INFO    - Plan correct
INFO    - Solving pyperplan-benchmarks/miconic/task15.pddl
ANTLR runtime and generated code versions disagree: 4.8!=4.7.1
ANTLR runtime and generated code versions disagree: 4.8!=4.7.1
ANTLR runtime and generated code versions disagree: 4.8!=4.7.1
ANTLR runtime and generated code versions disagree: 4.8!=4.7.1
ANTLR runtime and generated code versions disagree: 4.8!=4.7.1
ANTLR runtime and generated code versions disagree: 4.8!=4.7.1
INFO    - Using goal representation and no domain parameters
INFO    - using search: greedy_best_first_search
INFO    - using heuristic: pyperplan_concept_based_heuristic
INFO    - Parsing Domain /home/blaas/work/projects/basilisk/pyperplan-benchmarks/miconic/domain.pddl
INFO    - Parsing Problem /home/blaas/work/projects/basilisk/pyperplan-benchmarks/miconic/task15.pddl
INFO    - 8 Predicates parsed
INFO    - 4 Actions parsed
INFO    - 45 Objects parsed
INFO    - 0 Constants parsed
INFO    - Grounding start: mixed-f30-p15-u0-v0-g0-a0-n0-a0-b0-n0-f0-r0
INFO    - Relevance analysis removed 0 facts
INFO    - Grounding end: mixed-f30-p15-u0-v0-g0-a0-n0-a0-b0-n0-f0-r0
INFO    - 60 Variables created
INFO    - 900 Operators created
INFO    - Search start: mixed-f30-p15-u0-v0-g0-a0-n0-a0-b0-n0-f0-r0
INFO    - Initial h value: 45.455398
INFO    - Expanded 0 states.
INFO    - Goal reached. Start extraction of solution.
INFO    - 56 Nodes expanded
INFO    - Search end: mixed-f30-p15-u0-v0-g0-a0-n0-a0-b0-n0-f0-r0
INFO    - Wall-clock search time: 3.7
INFO    - Plan length: 51
INFO    - Plan correct
INFO    - Solving pyperplan-benchmarks/miconic/task16.pddl
ANTLR runtime and generated code versions disagree: 4.8!=4.7.1
ANTLR runtime and generated code versions disagree: 4.8!=4.7.1
ANTLR runtime and generated code versions disagree: 4.8!=4.7.1
ANTLR runtime and generated code versions disagree: 4.8!=4.7.1
ANTLR runtime and generated code versions disagree: 4.8!=4.7.1
ANTLR runtime and generated code versions disagree: 4.8!=4.7.1
INFO    - Using goal representation and no domain parameters
INFO    - using search: greedy_best_first_search
INFO    - using heuristic: pyperplan_concept_based_heuristic
INFO    - Parsing Domain /home/blaas/work/projects/basilisk/pyperplan-benchmarks/miconic/domain.pddl
INFO    - Parsing Problem /home/blaas/work/projects/basilisk/pyperplan-benchmarks/miconic/task16.pddl
INFO    - 8 Predicates parsed
INFO    - 4 Actions parsed
INFO    - 48 Objects parsed
INFO    - 0 Constants parsed
INFO    - Grounding start: mixed-f32-p16-u0-v0-g0-a0-n0-a0-b0-n0-f0-r0
INFO    - Relevance analysis removed 0 facts
INFO    - Grounding end: mixed-f32-p16-u0-v0-g0-a0-n0-a0-b0-n0-f0-r0
INFO    - 64 Variables created
INFO    - 1024 Operators created
INFO    - Search start: mixed-f32-p16-u0-v0-g0-a0-n0-a0-b0-n0-f0-r0
INFO    - Initial h value: 52.009422
INFO    - Expanded 0 states.
INFO    - Goal reached. Start extraction of solution.
INFO    - 55 Nodes expanded
INFO    - Search end: mixed-f32-p16-u0-v0-g0-a0-n0-a0-b0-n0-f0-r0
INFO    - Wall-clock search time: 4.2
INFO    - Plan length: 54
INFO    - Plan correct
INFO    - Solving pyperplan-benchmarks/miconic/task17.pddl
ANTLR runtime and generated code versions disagree: 4.8!=4.7.1
ANTLR runtime and generated code versions disagree: 4.8!=4.7.1
ANTLR runtime and generated code versions disagree: 4.8!=4.7.1
ANTLR runtime and generated code versions disagree: 4.8!=4.7.1
ANTLR runtime and generated code versions disagree: 4.8!=4.7.1
ANTLR runtime and generated code versions disagree: 4.8!=4.7.1
INFO    - Using goal representation and no domain parameters
INFO    - using search: greedy_best_first_search
INFO    - using heuristic: pyperplan_concept_based_heuristic
INFO    - Parsing Domain /home/blaas/work/projects/basilisk/pyperplan-benchmarks/miconic/domain.pddl
INFO    - Parsing Problem /home/blaas/work/projects/basilisk/pyperplan-benchmarks/miconic/task17.pddl
INFO    - 8 Predicates parsed
INFO    - 4 Actions parsed
INFO    - 51 Objects parsed
INFO    - 0 Constants parsed
INFO    - Grounding start: mixed-f34-p17-u0-v0-g0-a0-n0-a0-b0-n0-f0-r0
INFO    - Relevance analysis removed 0 facts
INFO    - Grounding end: mixed-f34-p17-u0-v0-g0-a0-n0-a0-b0-n0-f0-r0
INFO    - 68 Variables created
INFO    - 1156 Operators created
INFO    - Search start: mixed-f34-p17-u0-v0-g0-a0-n0-a0-b0-n0-f0-r0
INFO    - Initial h value: 56.191436
INFO    - Expanded 0 states.
INFO    - Goal reached. Start extraction of solution.
INFO    - 60 Nodes expanded
INFO    - Search end: mixed-f34-p17-u0-v0-g0-a0-n0-a0-b0-n0-f0-r0
INFO    - Wall-clock search time: 5.4
INFO    - Plan length: 59
INFO    - Plan correct
INFO    - Solving pyperplan-benchmarks/miconic/task18.pddl
ANTLR runtime and generated code versions disagree: 4.8!=4.7.1
ANTLR runtime and generated code versions disagree: 4.8!=4.7.1
ANTLR runtime and generated code versions disagree: 4.8!=4.7.1
ANTLR runtime and generated code versions disagree: 4.8!=4.7.1
ANTLR runtime and generated code versions disagree: 4.8!=4.7.1
ANTLR runtime and generated code versions disagree: 4.8!=4.7.1
INFO    - Using goal representation and no domain parameters
INFO    - using search: greedy_best_first_search
INFO    - using heuristic: pyperplan_concept_based_heuristic
INFO    - Parsing Domain /home/blaas/work/projects/basilisk/pyperplan-benchmarks/miconic/domain.pddl
INFO    - Parsing Problem /home/blaas/work/projects/basilisk/pyperplan-benchmarks/miconic/task18.pddl
INFO    - 8 Predicates parsed
INFO    - 4 Actions parsed
INFO    - 54 Objects parsed
INFO    - 0 Constants parsed
INFO    - Grounding start: mixed-f36-p18-u0-v0-g0-a0-n0-a0-b0-n0-f0-r0
INFO    - Relevance analysis removed 0 facts
INFO    - Grounding end: mixed-f36-p18-u0-v0-g0-a0-n0-a0-b0-n0-f0-r0
INFO    - 72 Variables created
INFO    - 1296 Operators created
INFO    - Search start: mixed-f36-p18-u0-v0-g0-a0-n0-a0-b0-n0-f0-r0
INFO    - Initial h value: 58.114493
INFO    - Expanded 0 states.
INFO    - Goal reached. Start extraction of solution.
INFO    - 62 Nodes expanded
INFO    - Search end: mixed-f36-p18-u0-v0-g0-a0-n0-a0-b0-n0-f0-r0
INFO    - Wall-clock search time: 6.6
INFO    - Plan length: 61
INFO    - Plan correct
INFO    - Solving pyperplan-benchmarks/miconic/task19.pddl
ANTLR runtime and generated code versions disagree: 4.8!=4.7.1
ANTLR runtime and generated code versions disagree: 4.8!=4.7.1
ANTLR runtime and generated code versions disagree: 4.8!=4.7.1
ANTLR runtime and generated code versions disagree: 4.8!=4.7.1
ANTLR runtime and generated code versions disagree: 4.8!=4.7.1
ANTLR runtime and generated code versions disagree: 4.8!=4.7.1
INFO    - Using goal representation and no domain parameters
INFO    - using search: greedy_best_first_search
INFO    - using heuristic: pyperplan_concept_based_heuristic
INFO    - Parsing Domain /home/blaas/work/projects/basilisk/pyperplan-benchmarks/miconic/domain.pddl
INFO    - Parsing Problem /home/blaas/work/projects/basilisk/pyperplan-benchmarks/miconic/task19.pddl
INFO    - 8 Predicates parsed
INFO    - 4 Actions parsed
INFO    - 57 Objects parsed
INFO    - 0 Constants parsed
INFO    - Grounding start: mixed-f38-p19-u0-v0-g0-a0-n0-a0-b0-n0-f0-r0
INFO    - Relevance analysis removed 0 facts
INFO    - Grounding end: mixed-f38-p19-u0-v0-g0-a0-n0-a0-b0-n0-f0-r0
INFO    - 76 Variables created
INFO    - 1444 Operators created
INFO    - Search start: mixed-f38-p19-u0-v0-g0-a0-n0-a0-b0-n0-f0-r0
INFO    - Initial h value: 61.619405
INFO    - Expanded 0 states.
INFO    - Goal reached. Start extraction of solution.
INFO    - 65 Nodes expanded
INFO    - Search end: mixed-f38-p19-u0-v0-g0-a0-n0-a0-b0-n0-f0-r0
INFO    - Wall-clock search time: 7.9
INFO    - Plan length: 64
INFO    - Plan correct
INFO    - Solving pyperplan-benchmarks/miconic/task20.pddl
ANTLR runtime and generated code versions disagree: 4.8!=4.7.1
ANTLR runtime and generated code versions disagree: 4.8!=4.7.1
ANTLR runtime and generated code versions disagree: 4.8!=4.7.1
ANTLR runtime and generated code versions disagree: 4.8!=4.7.1
ANTLR runtime and generated code versions disagree: 4.8!=4.7.1
ANTLR runtime and generated code versions disagree: 4.8!=4.7.1
INFO    - Using goal representation and no domain parameters
INFO    - using search: greedy_best_first_search
INFO    - using heuristic: pyperplan_concept_based_heuristic
INFO    - Parsing Domain /home/blaas/work/projects/basilisk/pyperplan-benchmarks/miconic/domain.pddl
INFO    - Parsing Problem /home/blaas/work/projects/basilisk/pyperplan-benchmarks/miconic/task20.pddl
INFO    - 8 Predicates parsed
INFO    - 4 Actions parsed
INFO    - 60 Objects parsed
INFO    - 0 Constants parsed
INFO    - Grounding start: mixed-f40-p20-u0-v0-g0-a0-n0-a0-b0-n0-f0-r0
INFO    - Relevance analysis removed 0 facts
INFO    - Grounding end: mixed-f40-p20-u0-v0-g0-a0-n0-a0-b0-n0-f0-r0
INFO    - 80 Variables created
INFO    - 1600 Operators created
INFO    - Search start: mixed-f40-p20-u0-v0-g0-a0-n0-a0-b0-n0-f0-r0
INFO    - Initial h value: 61.772527
INFO    - Expanded 0 states.
INFO    - Goal reached. Start extraction of solution.
INFO    - 74 Nodes expanded
INFO    - Search end: mixed-f40-p20-u0-v0-g0-a0-n0-a0-b0-n0-f0-r0
INFO    - Wall-clock search time: 1.1e+01
INFO    - Plan length: 69
INFO    - Plan correct
INFO    - Solving pyperplan-benchmarks/miconic/task21.pddl
ANTLR runtime and generated code versions disagree: 4.8!=4.7.1
ANTLR runtime and generated code versions disagree: 4.8!=4.7.1
ANTLR runtime and generated code versions disagree: 4.8!=4.7.1
ANTLR runtime and generated code versions disagree: 4.8!=4.7.1
ANTLR runtime and generated code versions disagree: 4.8!=4.7.1
ANTLR runtime and generated code versions disagree: 4.8!=4.7.1
INFO    - Using goal representation and no domain parameters
INFO    - using search: greedy_best_first_search
INFO    - using heuristic: pyperplan_concept_based_heuristic
INFO    - Parsing Domain /home/blaas/work/projects/basilisk/pyperplan-benchmarks/miconic/domain.pddl
INFO    - Parsing Problem /home/blaas/work/projects/basilisk/pyperplan-benchmarks/miconic/task21.pddl
INFO    - 8 Predicates parsed
INFO    - 4 Actions parsed
INFO    - 63 Objects parsed
INFO    - 0 Constants parsed
INFO    - Grounding start: mixed-f42-p21-u0-v0-g0-a0-n0-a0-b0-n0-f0-r0
INFO    - Relevance analysis removed 0 facts
INFO    - Grounding end: mixed-f42-p21-u0-v0-g0-a0-n0-a0-b0-n0-f0-r0
INFO    - 84 Variables created
INFO    - 1764 Operators created
INFO    - Search start: mixed-f42-p21-u0-v0-g0-a0-n0-a0-b0-n0-f0-r0
INFO    - Initial h value: 68.134355
INFO    - Expanded 0 states.
INFO    - Goal reached. Start extraction of solution.
INFO    - 72 Nodes expanded
INFO    - Search end: mixed-f42-p21-u0-v0-g0-a0-n0-a0-b0-n0-f0-r0
INFO    - Wall-clock search time: 1.1e+01
INFO    - Plan length: 71
INFO    - Plan correct
INFO    - Solving pyperplan-benchmarks/miconic/task22.pddl
ANTLR runtime and generated code versions disagree: 4.8!=4.7.1
ANTLR runtime and generated code versions disagree: 4.8!=4.7.1
ANTLR runtime and generated code versions disagree: 4.8!=4.7.1
ANTLR runtime and generated code versions disagree: 4.8!=4.7.1
ANTLR runtime and generated code versions disagree: 4.8!=4.7.1
ANTLR runtime and generated code versions disagree: 4.8!=4.7.1
INFO    - Using goal representation and no domain parameters
INFO    - using search: greedy_best_first_search
INFO    - using heuristic: pyperplan_concept_based_heuristic
INFO    - Parsing Domain /home/blaas/work/projects/basilisk/pyperplan-benchmarks/miconic/domain.pddl
INFO    - Parsing Problem /home/blaas/work/projects/basilisk/pyperplan-benchmarks/miconic/task22.pddl
INFO    - 8 Predicates parsed
INFO    - 4 Actions parsed
INFO    - 66 Objects parsed
INFO    - 0 Constants parsed
INFO    - Grounding start: mixed-f44-p22-u0-v0-g0-a0-n0-a0-b0-n0-f0-r0
INFO    - Relevance analysis removed 0 facts
INFO    - Grounding end: mixed-f44-p22-u0-v0-g0-a0-n0-a0-b0-n0-f0-r0
INFO    - 88 Variables created
INFO    - 1936 Operators created
INFO    - Search start: mixed-f44-p22-u0-v0-g0-a0-n0-a0-b0-n0-f0-r0
INFO    - Initial h value: 72.091644
INFO    - Expanded 0 states.
INFO    - Goal reached. Start extraction of solution.
INFO    - 77 Nodes expanded
INFO    - Search end: mixed-f44-p22-u0-v0-g0-a0-n0-a0-b0-n0-f0-r0
INFO    - Wall-clock search time: 1.5e+01
INFO    - Plan length: 76
INFO    - Plan correct
INFO    - Solving pyperplan-benchmarks/miconic/task23.pddl
ANTLR runtime and generated code versions disagree: 4.8!=4.7.1
ANTLR runtime and generated code versions disagree: 4.8!=4.7.1
ANTLR runtime and generated code versions disagree: 4.8!=4.7.1
ANTLR runtime and generated code versions disagree: 4.8!=4.7.1
ANTLR runtime and generated code versions disagree: 4.8!=4.7.1
ANTLR runtime and generated code versions disagree: 4.8!=4.7.1
INFO    - Using goal representation and no domain parameters
INFO    - using search: greedy_best_first_search
INFO    - using heuristic: pyperplan_concept_based_heuristic
INFO    - Parsing Domain /home/blaas/work/projects/basilisk/pyperplan-benchmarks/miconic/domain.pddl
INFO    - Parsing Problem /home/blaas/work/projects/basilisk/pyperplan-benchmarks/miconic/task23.pddl
INFO    - 8 Predicates parsed
INFO    - 4 Actions parsed
INFO    - 69 Objects parsed
INFO    - 0 Constants parsed
INFO    - Grounding start: mixed-f46-p23-u0-v0-g0-a0-n0-a0-b0-n0-f0-r0
INFO    - Relevance analysis removed 0 facts
INFO    - Grounding end: mixed-f46-p23-u0-v0-g0-a0-n0-a0-b0-n0-f0-r0
INFO    - 92 Variables created
INFO    - 2116 Operators created
INFO    - Search start: mixed-f46-p23-u0-v0-g0-a0-n0-a0-b0-n0-f0-r0
INFO    - Initial h value: 74.239426
INFO    - Expanded 0 states.
INFO    - Goal reached. Start extraction of solution.
INFO    - 82 Nodes expanded
INFO    - Search end: mixed-f46-p23-u0-v0-g0-a0-n0-a0-b0-n0-f0-r0
INFO    - Wall-clock search time: 1.8e+01
INFO    - Plan length: 81
INFO    - Plan correct
INFO    - Solving pyperplan-benchmarks/miconic/task24.pddl
ANTLR runtime and generated code versions disagree: 4.8!=4.7.1
ANTLR runtime and generated code versions disagree: 4.8!=4.7.1
ANTLR runtime and generated code versions disagree: 4.8!=4.7.1
ANTLR runtime and generated code versions disagree: 4.8!=4.7.1
ANTLR runtime and generated code versions disagree: 4.8!=4.7.1
ANTLR runtime and generated code versions disagree: 4.8!=4.7.1
INFO    - Using goal representation and no domain parameters
INFO    - using search: greedy_best_first_search
INFO    - using heuristic: pyperplan_concept_based_heuristic
INFO    - Parsing Domain /home/blaas/work/projects/basilisk/pyperplan-benchmarks/miconic/domain.pddl
INFO    - Parsing Problem /home/blaas/work/projects/basilisk/pyperplan-benchmarks/miconic/task24.pddl
INFO    - 8 Predicates parsed
INFO    - 4 Actions parsed
INFO    - 72 Objects parsed
INFO    - 0 Constants parsed
INFO    - Grounding start: mixed-f48-p24-u0-v0-g0-a0-n0-a0-b0-n0-f0-r0
INFO    - Relevance analysis removed 0 facts
INFO    - Grounding end: mixed-f48-p24-u0-v0-g0-a0-n0-a0-b0-n0-f0-r0
INFO    - 96 Variables created
INFO    - 2304 Operators created
INFO    - Search start: mixed-f48-p24-u0-v0-g0-a0-n0-a0-b0-n0-f0-r0
INFO    - Initial h value: 77.519614
INFO    - Expanded 0 states.
INFO    - Goal reached. Start extraction of solution.
INFO    - 81 Nodes expanded
INFO    - Search end: mixed-f48-p24-u0-v0-g0-a0-n0-a0-b0-n0-f0-r0
INFO    - Wall-clock search time: 1.9e+01
INFO    - Plan length: 80
INFO    - Plan correct
INFO    - Solving pyperplan-benchmarks/miconic/task25.pddl
ANTLR runtime and generated code versions disagree: 4.8!=4.7.1
ANTLR runtime and generated code versions disagree: 4.8!=4.7.1
ANTLR runtime and generated code versions disagree: 4.8!=4.7.1
ANTLR runtime and generated code versions disagree: 4.8!=4.7.1
ANTLR runtime and generated code versions disagree: 4.8!=4.7.1
ANTLR runtime and generated code versions disagree: 4.8!=4.7.1
INFO    - Using goal representation and no domain parameters
INFO    - using search: greedy_best_first_search
INFO    - using heuristic: pyperplan_concept_based_heuristic
INFO    - Parsing Domain /home/blaas/work/projects/basilisk/pyperplan-benchmarks/miconic/domain.pddl
INFO    - Parsing Problem /home/blaas/work/projects/basilisk/pyperplan-benchmarks/miconic/task25.pddl
INFO    - 8 Predicates parsed
INFO    - 4 Actions parsed
INFO    - 75 Objects parsed
INFO    - 0 Constants parsed
INFO    - Grounding start: mixed-f50-p25-u0-v0-g0-a0-n0-a0-b0-n0-f0-r0
INFO    - Relevance analysis removed 0 facts
INFO    - Grounding end: mixed-f50-p25-u0-v0-g0-a0-n0-a0-b0-n0-f0-r0
INFO    - 100 Variables created
INFO    - 2500 Operators created
INFO    - Search start: mixed-f50-p25-u0-v0-g0-a0-n0-a0-b0-n0-f0-r0
INFO    - Initial h value: 78.443877
INFO    - Expanded 0 states.
INFO    - Goal reached. Start extraction of solution.
INFO    - 92 Nodes expanded
INFO    - Search end: mixed-f50-p25-u0-v0-g0-a0-n0-a0-b0-n0-f0-r0
INFO    - Wall-clock search time: 2.2e+01
INFO    - Plan length: 86
INFO    - Plan correct
INFO    - Solving pyperplan-benchmarks/miconic/task26.pddl
ANTLR runtime and generated code versions disagree: 4.8!=4.7.1
ANTLR runtime and generated code versions disagree: 4.8!=4.7.1
ANTLR runtime and generated code versions disagree: 4.8!=4.7.1
ANTLR runtime and generated code versions disagree: 4.8!=4.7.1
ANTLR runtime and generated code versions disagree: 4.8!=4.7.1
ANTLR runtime and generated code versions disagree: 4.8!=4.7.1
INFO    - Using goal representation and no domain parameters
INFO    - using search: greedy_best_first_search
INFO    - using heuristic: pyperplan_concept_based_heuristic
INFO    - Parsing Domain /home/blaas/work/projects/basilisk/pyperplan-benchmarks/miconic/domain.pddl
INFO    - Parsing Problem /home/blaas/work/projects/basilisk/pyperplan-benchmarks/miconic/task26.pddl
INFO    - 8 Predicates parsed
INFO    - 4 Actions parsed
INFO    - 78 Objects parsed
INFO    - 0 Constants parsed
INFO    - Grounding start: mixed-f52-p26-u0-v0-g0-a0-n0-a0-b0-n0-f0-r0
INFO    - Relevance analysis removed 0 facts
INFO    - Grounding end: mixed-f52-p26-u0-v0-g0-a0-n0-a0-b0-n0-f0-r0
INFO    - 104 Variables created
INFO    - 2704 Operators created
INFO    - Search start: mixed-f52-p26-u0-v0-g0-a0-n0-a0-b0-n0-f0-r0
INFO    - Initial h value: 83.078268
INFO    - Expanded 0 states.
INFO    - Goal reached. Start extraction of solution.
INFO    - 88 Nodes expanded
INFO    - Search end: mixed-f52-p26-u0-v0-g0-a0-n0-a0-b0-n0-f0-r0
INFO    - Wall-clock search time: 2.3e+01
INFO    - Plan length: 87
INFO    - Plan correct
INFO    - Solving pyperplan-benchmarks/miconic/task27.pddl
ANTLR runtime and generated code versions disagree: 4.8!=4.7.1
ANTLR runtime and generated code versions disagree: 4.8!=4.7.1
ANTLR runtime and generated code versions disagree: 4.8!=4.7.1
ANTLR runtime and generated code versions disagree: 4.8!=4.7.1
ANTLR runtime and generated code versions disagree: 4.8!=4.7.1
ANTLR runtime and generated code versions disagree: 4.8!=4.7.1
INFO    - Using goal representation and no domain parameters
INFO    - using search: greedy_best_first_search
INFO    - using heuristic: pyperplan_concept_based_heuristic
INFO    - Parsing Domain /home/blaas/work/projects/basilisk/pyperplan-benchmarks/miconic/domain.pddl
INFO    - Parsing Problem /home/blaas/work/projects/basilisk/pyperplan-benchmarks/miconic/task27.pddl
INFO    - 8 Predicates parsed
INFO    - 4 Actions parsed
INFO    - 81 Objects parsed
INFO    - 0 Constants parsed
INFO    - Grounding start: mixed-f54-p27-u0-v0-g0-a0-n0-a0-b0-n0-f0-r0
INFO    - Relevance analysis removed 0 facts
INFO    - Grounding end: mixed-f54-p27-u0-v0-g0-a0-n0-a0-b0-n0-f0-r0
INFO    - 108 Variables created
INFO    - 2916 Operators created
INFO    - Search start: mixed-f54-p27-u0-v0-g0-a0-n0-a0-b0-n0-f0-r0
INFO    - Initial h value: 87.806699
INFO    - Expanded 0 states.
INFO    - Goal reached. Start extraction of solution.
INFO    - 97 Nodes expanded
INFO    - Search end: mixed-f54-p27-u0-v0-g0-a0-n0-a0-b0-n0-f0-r0
INFO    - Wall-clock search time: 2.9e+01
INFO    - Plan length: 95
INFO    - Plan correct
INFO    - Solving pyperplan-benchmarks/miconic/task28.pddl
ANTLR runtime and generated code versions disagree: 4.8!=4.7.1
ANTLR runtime and generated code versions disagree: 4.8!=4.7.1
ANTLR runtime and generated code versions disagree: 4.8!=4.7.1
ANTLR runtime and generated code versions disagree: 4.8!=4.7.1
ANTLR runtime and generated code versions disagree: 4.8!=4.7.1
ANTLR runtime and generated code versions disagree: 4.8!=4.7.1
INFO    - Using goal representation and no domain parameters
INFO    - using search: greedy_best_first_search
INFO    - using heuristic: pyperplan_concept_based_heuristic
INFO    - Parsing Domain /home/blaas/work/projects/basilisk/pyperplan-benchmarks/miconic/domain.pddl
INFO    - Parsing Problem /home/blaas/work/projects/basilisk/pyperplan-benchmarks/miconic/task28.pddl
INFO    - 8 Predicates parsed
INFO    - 4 Actions parsed
INFO    - 84 Objects parsed
INFO    - 0 Constants parsed
INFO    - Grounding start: mixed-f56-p28-u0-v0-g0-a0-n0-a0-b0-n0-f0-r0
INFO    - Relevance analysis removed 0 facts
INFO    - Grounding end: mixed-f56-p28-u0-v0-g0-a0-n0-a0-b0-n0-f0-r0
INFO    - 112 Variables created
INFO    - 3136 Operators created
INFO    - Search start: mixed-f56-p28-u0-v0-g0-a0-n0-a0-b0-n0-f0-r0
INFO    - Initial h value: 93.039049
INFO    - Expanded 0 states.
INFO    - Goal reached. Start extraction of solution.
INFO    - 102 Nodes expanded
INFO    - Search end: mixed-f56-p28-u0-v0-g0-a0-n0-a0-b0-n0-f0-r0
INFO    - Wall-clock search time: 3.4e+01
INFO    - Plan length: 98
INFO    - Plan correct
INFO    - Solving pyperplan-benchmarks/miconic/task29.pddl
ANTLR runtime and generated code versions disagree: 4.8!=4.7.1
ANTLR runtime and generated code versions disagree: 4.8!=4.7.1
ANTLR runtime and generated code versions disagree: 4.8!=4.7.1
ANTLR runtime and generated code versions disagree: 4.8!=4.7.1
ANTLR runtime and generated code versions disagree: 4.8!=4.7.1
ANTLR runtime and generated code versions disagree: 4.8!=4.7.1
INFO    - Using goal representation and no domain parameters
INFO    - using search: greedy_best_first_search
INFO    - using heuristic: pyperplan_concept_based_heuristic
INFO    - Parsing Domain /home/blaas/work/projects/basilisk/pyperplan-benchmarks/miconic/domain.pddl
INFO    - Parsing Problem /home/blaas/work/projects/basilisk/pyperplan-benchmarks/miconic/task29.pddl
INFO    - 8 Predicates parsed
INFO    - 4 Actions parsed
INFO    - 87 Objects parsed
INFO    - 0 Constants parsed
INFO    - Grounding start: mixed-f58-p29-u0-v0-g0-a0-n0-a0-b0-n0-f0-r0
INFO    - Relevance analysis removed 0 facts
INFO    - Grounding end: mixed-f58-p29-u0-v0-g0-a0-n0-a0-b0-n0-f0-r0
INFO    - 116 Variables created
INFO    - 3364 Operators created
INFO    - Search start: mixed-f58-p29-u0-v0-g0-a0-n0-a0-b0-n0-f0-r0
INFO    - Initial h value: 91.629687
INFO    - Expanded 0 states.
INFO    - Goal reached. Start extraction of solution.
INFO    - 116 Nodes expanded
INFO    - Search end: mixed-f58-p29-u0-v0-g0-a0-n0-a0-b0-n0-f0-r0
INFO    - Wall-clock search time: 4.5e+01
INFO    - Plan length: 103
INFO    - Plan correct
INFO    - Solving pyperplan-benchmarks/miconic/task30.pddl
ANTLR runtime and generated code versions disagree: 4.8!=4.7.1
ANTLR runtime and generated code versions disagree: 4.8!=4.7.1
ANTLR runtime and generated code versions disagree: 4.8!=4.7.1
ANTLR runtime and generated code versions disagree: 4.8!=4.7.1
ANTLR runtime and generated code versions disagree: 4.8!=4.7.1
ANTLR runtime and generated code versions disagree: 4.8!=4.7.1
INFO    - Using goal representation and no domain parameters
INFO    - using search: greedy_best_first_search
INFO    - using heuristic: pyperplan_concept_based_heuristic
INFO    - Parsing Domain /home/blaas/work/projects/basilisk/pyperplan-benchmarks/miconic/domain.pddl
INFO    - Parsing Problem /home/blaas/work/projects/basilisk/pyperplan-benchmarks/miconic/task30.pddl
INFO    - 8 Predicates parsed
INFO    - 4 Actions parsed
INFO    - 90 Objects parsed
INFO    - 0 Constants parsed
INFO    - Grounding start: mixed-f60-p30-u0-v0-g0-a0-n0-a0-b0-n0-f0-r0
INFO    - Relevance analysis removed 0 facts
INFO    - Grounding end: mixed-f60-p30-u0-v0-g0-a0-n0-a0-b0-n0-f0-r0
INFO    - 120 Variables created
INFO    - 3600 Operators created
INFO    - Search start: mixed-f60-p30-u0-v0-g0-a0-n0-a0-b0-n0-f0-r0
INFO    - Initial h value: 92.970870
INFO    - Expanded 0 states.
INFO    - Goal reached. Start extraction of solution.
INFO    - 103 Nodes expanded
INFO    - Search end: mixed-f60-p30-u0-v0-g0-a0-n0-a0-b0-n0-f0-r0
INFO    - Wall-clock search time: 4.9e+01
INFO    - Plan length: 102
INFO    - Plan correct
